<?xml version="1.0" encoding="UTF-8"?>
<!-- Generated by org.testng.reporters.JUnitXMLReporter -->
<testsuite ignored="0" hostname="DESKTOP-FDGURSQ" failures="0" tests="6" name="Surefire test" time="0.062" errors="0" timestamp="2021-07-21T18:47:10 IST">
  <testcase classname="QaclickAcademy.AppiumTest" name="IosApps" time="0.005"/>
  <testcase classname="QaclickAcademy.AppiumTest" name="NativeAppAnroid" time="0.0"/>
  <testcase classname="QaclickAcademy.RestAPITest" name="DeleteTwitter" time="0.0"/>
  <testcase classname="QaclickAcademy.RestAPITest" name="PostJira" time="0.0"/>
  <testcase classname="QaclickAcademy.SeleniumTest" name="BrowserAutomation" time="0.001"/>
  <testcase classname="QaclickAcademy.SeleniumTest" name="ElementsUI" time="0.0"/>
</testsuite> <!-- Surefire test -->
