<?xml version="1.0" encoding="UTF-8"?>
<testng-results ignored="0" total="6" passed="6" failed="0" skipped="0">
  <reporter-output>
  </reporter-output>
  <suite started-at="2021-07-22T17:58:47 IST" name="Suite" finished-at="2021-07-22T17:58:47 IST" duration-ms="70">
    <groups>
    </groups>
    <test started-at="2021-07-22T17:58:47 IST" name="Test" finished-at="2021-07-22T17:58:47 IST" duration-ms="70">
      <class name="QaclickAcademy.AppiumTest">
        <test-method signature="IosApps()[pri:0, instance:QaclickAcademy.AppiumTest@71c3b41]" started-at="2021-07-22T17:58:47 IST" name="IosApps" finished-at="2021-07-22T17:58:47 IST" duration-ms="6" status="PASS">
          <reporter-output>
          </reporter-output>
        </test-method> <!-- IosApps -->
        <test-method signature="NativeAppAnroid()[pri:0, instance:QaclickAcademy.AppiumTest@71c3b41]" started-at="2021-07-22T17:58:47 IST" name="NativeAppAnroid" finished-at="2021-07-22T17:58:47 IST" duration-ms="1" status="PASS">
          <reporter-output>
          </reporter-output>
        </test-method> <!-- NativeAppAnroid -->
      </class> <!-- QaclickAcademy.AppiumTest -->
      <class name="QaclickAcademy.SeleniumTest">
        <test-method signature="BrowserAutomation()[pri:0, instance:QaclickAcademy.SeleniumTest@7e9131d5]" started-at="2021-07-22T17:58:47 IST" name="BrowserAutomation" finished-at="2021-07-22T17:58:47 IST" duration-ms="0" status="PASS">
          <reporter-output>
          </reporter-output>
        </test-method> <!-- BrowserAutomation -->
        <test-method signature="ElementsUI()[pri:0, instance:QaclickAcademy.SeleniumTest@7e9131d5]" started-at="2021-07-22T17:58:47 IST" name="ElementsUI" finished-at="2021-07-22T17:58:47 IST" duration-ms="1" status="PASS">
          <reporter-output>
          </reporter-output>
        </test-method> <!-- ElementsUI -->
      </class> <!-- QaclickAcademy.SeleniumTest -->
      <class name="QaclickAcademy.RestAPITest">
        <test-method signature="DeleteTwitter()[pri:0, instance:QaclickAcademy.RestAPITest@2e1d27ba]" started-at="2021-07-22T17:58:47 IST" name="DeleteTwitter" finished-at="2021-07-22T17:58:47 IST" duration-ms="0" status="PASS">
          <reporter-output>
          </reporter-output>
        </test-method> <!-- DeleteTwitter -->
        <test-method signature="PostJira()[pri:0, instance:QaclickAcademy.RestAPITest@2e1d27ba]" started-at="2021-07-22T17:58:47 IST" name="PostJira" finished-at="2021-07-22T17:58:47 IST" duration-ms="1" status="PASS">
          <reporter-output>
          </reporter-output>
        </test-method> <!-- PostJira -->
      </class> <!-- QaclickAcademy.RestAPITest -->
    </test> <!-- Test -->
  </suite> <!-- Suite -->
</testng-results>
