<?xml version="1.0" encoding="UTF-8"?>
<testng-results ignored="0" total="2" passed="2" failed="0" skipped="0">
  <reporter-output>
  </reporter-output>
  <suite started-at="2021-07-24T10:14:52 IST" name="Default suite" finished-at="2021-07-24T10:14:52 IST" duration-ms="101">
    <groups>
    </groups>
    <test started-at="2021-07-24T10:14:52 IST" name="Default test" finished-at="2021-07-24T10:14:52 IST" duration-ms="101">
      <class name="QaclickAcademy.RestAPITest">
        <test-method signature="DeleteTwitter()[pri:0, instance:QaclickAcademy.RestAPITest@29e495ff]" started-at="2021-07-24T10:14:52 IST" name="DeleteTwitter" finished-at="2021-07-24T10:14:52 IST" duration-ms="13" status="PASS">
          <reporter-output>
          </reporter-output>
        </test-method> <!-- DeleteTwitter -->
        <test-method signature="PostJira()[pri:0, instance:QaclickAcademy.RestAPITest@29e495ff]" started-at="2021-07-24T10:14:52 IST" name="PostJira" finished-at="2021-07-24T10:14:52 IST" duration-ms="5" status="PASS">
          <reporter-output>
          </reporter-output>
        </test-method> <!-- PostJira -->
      </class> <!-- QaclickAcademy.RestAPITest -->
    </test> <!-- Default test -->
  </suite> <!-- Default suite -->
</testng-results>
